<?xml version="1.0" encoding="UTF-8"?>
<testsuite name="ru.stqa.training.sandbox.EquationTests" tests="6" skipped="0" failures="0" errors="0" timestamp="2023-05-14T05:17:01" hostname="S210" time="0.063">
  <properties/>
  <testcase name="test0" classname="ru.stqa.training.sandbox.EquationTests" time="0.033"/>
  <testcase name="test1" classname="ru.stqa.training.sandbox.EquationTests" time="0.0"/>
  <testcase name="test2" classname="ru.stqa.training.sandbox.EquationTests" time="0.001"/>
  <testcase name="testConstant" classname="ru.stqa.training.sandbox.EquationTests" time="0.001"/>
  <testcase name="testLinear" classname="ru.stqa.training.sandbox.EquationTests" time="0.003"/>
  <testcase name="testZero" classname="ru.stqa.training.sandbox.EquationTests" time="0.0"/>
  <system-out><![CDATA[]]></system-out>
  <system-err><![CDATA[]]></system-err>
</testsuite>
