<?xml version="1.0" encoding="UTF-8"?>
<testsuite name="ru.stqa.training.sandbox.PrimeTests" tests="2" skipped="0" failures="0" errors="0" timestamp="2023-05-14T05:17:01" hostname="S210" time="0.016">
  <properties/>
  <testcase name="testNonPrime" classname="ru.stqa.training.sandbox.PrimeTests" time="0.008"/>
  <testcase name="testPrime" classname="ru.stqa.training.sandbox.PrimeTests" time="0.002"/>
  <system-out><![CDATA[]]></system-out>
  <system-err><![CDATA[]]></system-err>
</testsuite>
