<?xml version="1.0" encoding="UTF-8"?>
<testsuite name="ru.stqa.training.addressbook.tests.GroupCreationTests" tests="1" skipped="0" failures="0" errors="0" timestamp="2023-04-04T09:34:23" hostname="S210" time="3.376">
  <properties/>
  <testcase name="testGroupCreation[0](GroupData{id='2147483647', name='TestGroup0'})" classname="ru.stqa.training.addressbook.tests.GroupCreationTests" time="3.376"/>
  <system-out><![CDATA[12:34:23.470 [Test worker] INFO  r.s.t.addressbook.tests.TestBase -%PARSER_ERROR[kvp]- Start test testGroupCreation with parameters [GroupData{id='2147483647', name='TestGroup0'}]
12:34:24.412 [Test worker] INFO  o.h.h.i.QueryTranslatorFactoryInitiator -%PARSER_ERROR[kvp]- HHH000397: Using ASTQueryTranslatorFactory
Hibernate: select groupdata0_.group_id as group_id1_1_, groupdata0_.group_footer as group_fo2_1_, groupdata0_.group_header as group_he3_1_, groupdata0_.group_name as group_na4_1_ from group_list groupdata0_ where deprecated='0000-00-00'
Hibernate: select groupdata0_.group_id as group_id1_1_, groupdata0_.group_footer as group_fo2_1_, groupdata0_.group_header as group_he3_1_, groupdata0_.group_name as group_na4_1_ from group_list groupdata0_ where deprecated='0000-00-00'
]]></system-out>
  <system-err><![CDATA[]]></system-err>
</testsuite>
